<?xml version="1.0" encoding="UTF-8"?>
<!-- Generated by org.testng.reporters.JUnitReportReporter -->
<testsuite hostname="DESKTOP-5GC3SMB" failures="0" tests="1" name="com.crm.Xlyem.mavenDemo" time="0.020" errors="0" timestamp="2022-09-08T11:31:00 IST" skipped="0">
  <testcase classname="com.crm.Xlyem.mavenDemo" name="demo" time="0.020"/>
  <system-out/>
</testsuite> <!-- com.crm.Xlyem.mavenDemo -->
